****************************************************************************
***                            Sentaurus Mesh                            ***
***                          Version G-2012.06                           ***
***                         (1.5, amd64, linux)                          ***
***                                                                      ***
***                       Copyright (C) 2005-2012                        ***
***                            Synopsys, Inc.                          ***
***                                                                      ***
***  This software and the associated documentation are confidential     ***
***  and proprietary to Synopsys, Inc.  Your use or disclosure of this   ***
***  software is subject to the terms and conditions of a written        ***
***  license agreement between you, or your company, and Synopsys, Inc.  ***
****************************************************************************

Compiled Fri Apr 13 01:01:31 PDT 2012 on: tcadprod5
Running on: eecs-digital-50
Process ID: 21555

Flags used: -a -c boxmethod

** Generating 2d grid **

Creating binary tree...done.
Imprinting binary tree on the boundary...done.
Optimizing boundary nodes...done.

Number of vertices after binary tree generation : 
  5923 (tree) + 670 (boundary)

** Delaunizing the mesh **

Creating delaunizer input...done.
Solving edges...done 
Optimizing elements...done. (6311 vertices)
Fixing diagonals...done.

The final mesh has: 
    6307 points.
   12320 elements.
      17 regions.
Max. connectivity = 8 located at (0.0284375;0.0210937)


==============================  tri-grid quality  ================================
    0  10  20  30  40  50  60  70  80  90 100 110 120 130 140 150 160 170 180
 %    1   7   5  14   6   6  15   5   7  34      .   .                     
---------------------------------------------------------------------------------
minAngle: 0.511556  maxAngle: 115.79
nVerts = 6307  nTris = 12320  nMats = 13
max connectivity (tris per node): 8
bmin: -0.07 -0.05
bmax: 0.105 0.6
min edgeLength: 1.2207e-05  [near (0.0571484 -6.10352e-06)]
min volume: 7.15256e-10  max volume: 0.000239258  Total volume: 0.11375
bbox  volume: 0.11375
Are all boundaries on bbox? true
=================================================================================
Interpolating data...done.
done.
Saving file /afs/athena.mit.edu/user/l/y/lydiasun/NewFolder/NEWFET_msh.tdr...done.
