load_file /afs/athena.mit.edu/user/l/y/lydiasun/Documents/6.012/NEWFET4/NEWFET4_def.plt
create_plot -1d
select_plots {Plot_1}
#-> Plot_1
#-> Plot_1
#-> NEWFET4_def
create_curve -plot Plot_1 -dataset {NEWFET4_def} -axisX "Gate_contact OuterVoltage" -axisY "Drain_contact TotalCurrent"
#-> Curve_1
zoom_plot -plot Plot_1 -window {0.877794 0.000233502 0.999282 0.000265043 0 0}
zoom_plot -plot Plot_1 -window {0.889623 0.000256843 0.931185 0.000260011 0 0}
zoom_plot -plot Plot_1 -window {0.895528 0.000258458 0.916699 0.000258991 0 0}
probe_curve {Curve_1} -valueX 0.899982 -plot Plot_1
#-> 0.000258821
zoom_plot -plot Plot_1 -reset
zoom_plot -plot Plot_1 -window {-0.0139817 -8.736e-06 0.14111 5.9833e-06 0 0}
zoom_plot -plot Plot_1 -window {-0.007619 -2.01774e-06 0.0528269 8.08716e-07 0 0}
zoom_plot -plot Plot_1 -window {-0.00529416 -3.394e-07 0.021984 2.3257e-07 0 0}
zoom_plot -plot Plot_1 -window {-0.00305595 -9.05993e-09 0.00904435 9.31682e-08 0 0}
zoom_plot -plot Plot_1 -window {-0.00184592 -6.9459e-09 0.00327344 6.79525e-09 0 0}
zoom_plot -plot Plot_1 -window {-0.000546393 -1.03944e-09 0.00182951 1.15265e-09 0 0}
zoom_plot -plot Plot_1 -window {-0.000375815 -1.2634e-10 0.000866968 3.98207e-10 0 0}
zoom_plot -plot Plot_1 -window {-0.00024835 -2.63897e-11 0.000510066 4.48929e-11 0 0}
zoom_plot -plot Plot_1 -reset
zoom_plot -plot Plot_1 -window {-0.0243211 -1.37826e-05 0.156619 5.9833e-06 0 0}
zoom_plot -plot Plot_1 -window {-0.005702 -4.20622e-06 0.0778455 9.32334e-07 0 0}
zoom_plot -plot Plot_1 -window {-0.0039882 -5.78112e-07 0.0197907 2.11267e-07 0 0}
zoom_plot -plot Plot_1 -window {-0.002281 -4.40862e-08 0.00729153 1.19153e-07 0 0}
zoom_plot -plot Plot_1 -window {-0.00063649 5.83905e-08 0.00441977 9.31121e-08 0 0}
probe_curve {Curve_1} -valueX 0.000890654 -plot Plot_1
#-> 8.38915e-08
exit
